2024/03/29 16:06:25 [notice] 1#1: using the "epoll" event method
2024/03/29 16:06:25 [notice] 1#1: nginx/1.25.4
2024/03/29 16:06:25 [notice] 1#1: built by gcc 12.2.1 20220924 (Alpine 12.2.1_git20220924-r10) 
2024/03/29 16:06:25 [notice] 1#1: OS: Linux 5.15.146.1-microsoft-standard-WSL2
2024/03/29 16:06:25 [notice] 1#1: getrlimit(RLIMIT_NOFILE): 1048576:1048576
2024/03/29 16:06:25 [notice] 1#1: start worker processes
2024/03/29 16:06:25 [notice] 1#1: start worker process 29
2024/03/29 16:06:25 [notice] 1#1: start worker process 30
2024/03/29 16:06:25 [notice] 1#1: start worker process 31
2024/03/29 16:06:25 [notice] 1#1: start worker process 32
2024/03/29 16:06:25 [notice] 1#1: start worker process 33
2024/03/29 16:06:25 [notice] 1#1: start worker process 34
2024/03/29 16:06:25 [notice] 1#1: start worker process 35
2024/03/29 16:06:25 [notice] 1#1: start worker process 36
2024/03/29 16:06:25 [notice] 1#1: start worker process 37
2024/03/29 16:06:25 [notice] 1#1: start worker process 38
2024/03/29 16:06:25 [notice] 1#1: start worker process 39
2024/03/29 16:06:25 [notice] 1#1: start worker process 40
2024/03/29 16:06:25 [notice] 1#1: start worker process 41
2024/03/29 16:06:25 [notice] 1#1: start worker process 42
2024/03/29 16:06:25 [notice] 1#1: start worker process 43
2024/03/29 16:06:25 [notice] 1#1: start worker process 44
2024/03/29 16:07:03 [notice] 1#1: signal 3 (SIGQUIT) received, shutting down
2024/03/29 16:07:03 [notice] 29#29: gracefully shutting down
2024/03/29 16:07:03 [notice] 31#31: gracefully shutting down
2024/03/29 16:07:03 [notice] 29#29: exiting
2024/03/29 16:07:03 [notice] 31#31: exiting
2024/03/29 16:07:03 [notice] 32#32: gracefully shutting down
2024/03/29 16:07:03 [notice] 29#29: exit
2024/03/29 16:07:03 [notice] 32#32: exiting
2024/03/29 16:07:03 [notice] 31#31: exit
2024/03/29 16:07:03 [notice] 35#35: gracefully shutting down
2024/03/29 16:07:03 [notice] 35#35: exiting
2024/03/29 16:07:03 [notice] 37#37: gracefully shutting down
2024/03/29 16:07:03 [notice] 32#32: exit
2024/03/29 16:07:03 [notice] 37#37: exiting
2024/03/29 16:07:03 [notice] 35#35: exit
2024/03/29 16:07:03 [notice] 37#37: exit
2024/03/29 16:07:03 [notice] 30#30: gracefully shutting down
2024/03/29 16:07:03 [notice] 33#33: gracefully shutting down
2024/03/29 16:07:03 [notice] 30#30: exiting
2024/03/29 16:07:03 [notice] 33#33: exiting
2024/03/29 16:07:03 [notice] 40#40: gracefully shutting down
2024/03/29 16:07:03 [notice] 34#34: gracefully shutting down
2024/03/29 16:07:03 [notice] 40#40: exiting
2024/03/29 16:07:03 [notice] 34#34: exiting
2024/03/29 16:07:03 [notice] 36#36: gracefully shutting down
2024/03/29 16:07:03 [notice] 36#36: exiting
2024/03/29 16:07:03 [notice] 33#33: exit
2024/03/29 16:07:03 [notice] 30#30: exit
2024/03/29 16:07:03 [notice] 40#40: exit
2024/03/29 16:07:03 [notice] 38#38: gracefully shutting down
2024/03/29 16:07:03 [notice] 34#34: exit
2024/03/29 16:07:03 [notice] 38#38: exiting
2024/03/29 16:07:03 [notice] 36#36: exit
2024/03/29 16:07:03 [notice] 38#38: exit
2024/03/29 16:07:03 [notice] 43#43: gracefully shutting down
2024/03/29 16:07:03 [notice] 43#43: exiting
2024/03/29 16:07:03 [notice] 43#43: exit
2024/03/29 16:07:03 [notice] 42#42: gracefully shutting down
2024/03/29 16:07:03 [notice] 42#42: exiting
2024/03/29 16:07:03 [notice] 39#39: gracefully shutting down
2024/03/29 16:07:03 [notice] 39#39: exiting
2024/03/29 16:07:03 [notice] 44#44: gracefully shutting down
2024/03/29 16:07:03 [notice] 44#44: exiting
2024/03/29 16:07:03 [notice] 42#42: exit
2024/03/29 16:07:03 [notice] 39#39: exit
2024/03/29 16:07:03 [notice] 44#44: exit
2024/03/29 16:07:03 [notice] 41#41: gracefully shutting down
2024/03/29 16:07:03 [notice] 41#41: exiting
2024/03/29 16:07:03 [notice] 41#41: exit
2024/03/29 16:07:03 [notice] 1#1: signal 17 (SIGCHLD) received from 35
2024/03/29 16:07:03 [notice] 1#1: worker process 32 exited with code 0
2024/03/29 16:07:03 [notice] 1#1: worker process 35 exited with code 0
2024/03/29 16:07:03 [notice] 1#1: worker process 36 exited with code 0
2024/03/29 16:07:03 [notice] 1#1: worker process 37 exited with code 0
2024/03/29 16:07:03 [notice] 1#1: worker process 31 exited with code 0
2024/03/29 16:07:03 [notice] 1#1: worker process 39 exited with code 0
2024/03/29 16:07:03 [notice] 1#1: worker process 43 exited with code 0
2024/03/29 16:07:03 [notice] 1#1: worker process 44 exited with code 0
2024/03/29 16:07:03 [notice] 1#1: signal 29 (SIGIO) received
2024/03/29 16:07:03 [notice] 1#1: signal 17 (SIGCHLD) received from 37
2024/03/29 16:07:03 [notice] 1#1: worker process 34 exited with code 0
2024/03/29 16:07:03 [notice] 1#1: worker process 40 exited with code 0
2024/03/29 16:07:03 [notice] 1#1: worker process 41 exited with code 0
2024/03/29 16:07:03 [notice] 1#1: worker process 42 exited with code 0
2024/03/29 16:07:03 [notice] 1#1: signal 29 (SIGIO) received
2024/03/29 16:07:03 [notice] 1#1: signal 17 (SIGCHLD) received from 30
2024/03/29 16:07:03 [notice] 1#1: worker process 30 exited with code 0
2024/03/29 16:07:03 [notice] 1#1: worker process 33 exited with code 0
2024/03/29 16:07:03 [notice] 1#1: signal 29 (SIGIO) received
2024/03/29 16:07:03 [notice] 1#1: signal 17 (SIGCHLD) received from 33
2024/03/29 16:07:03 [notice] 1#1: signal 17 (SIGCHLD) received from 38
2024/03/29 16:07:03 [notice] 1#1: worker process 38 exited with code 0
2024/03/29 16:07:03 [notice] 1#1: signal 29 (SIGIO) received
2024/03/29 16:07:03 [notice] 1#1: signal 17 (SIGCHLD) received from 29
2024/03/29 16:07:03 [notice] 1#1: worker process 29 exited with code 0
2024/03/29 16:07:03 [notice] 1#1: exit
2024/03/29 16:07:28 [notice] 1#1: using the "epoll" event method
2024/03/29 16:07:28 [notice] 1#1: nginx/1.25.4
2024/03/29 16:07:28 [notice] 1#1: built by gcc 12.2.1 20220924 (Alpine 12.2.1_git20220924-r10) 
2024/03/29 16:07:28 [notice] 1#1: OS: Linux 5.15.146.1-microsoft-standard-WSL2
2024/03/29 16:07:28 [notice] 1#1: getrlimit(RLIMIT_NOFILE): 1048576:1048576
2024/03/29 16:07:28 [notice] 1#1: start worker processes
2024/03/29 16:07:28 [notice] 1#1: start worker process 29
2024/03/29 16:07:28 [notice] 1#1: start worker process 30
2024/03/29 16:07:28 [notice] 1#1: start worker process 31
2024/03/29 16:07:28 [notice] 1#1: start worker process 32
2024/03/29 16:07:28 [notice] 1#1: start worker process 33
2024/03/29 16:07:28 [notice] 1#1: start worker process 34
2024/03/29 16:07:28 [notice] 1#1: start worker process 35
2024/03/29 16:07:28 [notice] 1#1: start worker process 36
2024/03/29 16:07:28 [notice] 1#1: start worker process 37
2024/03/29 16:07:28 [notice] 1#1: start worker process 38
2024/03/29 16:07:28 [notice] 1#1: start worker process 39
2024/03/29 16:07:28 [notice] 1#1: start worker process 40
2024/03/29 16:07:28 [notice] 1#1: start worker process 41
2024/03/29 16:07:28 [notice] 1#1: start worker process 42
2024/03/29 16:07:28 [notice] 1#1: start worker process 43
2024/03/29 16:07:28 [notice] 1#1: start worker process 44
2024/03/29 16:08:01 [notice] 1#1: signal 3 (SIGQUIT) received, shutting down
2024/03/29 16:08:01 [notice] 37#37: gracefully shutting down
2024/03/29 16:08:01 [notice] 37#37: exiting
2024/03/29 16:08:01 [notice] 41#41: gracefully shutting down
2024/03/29 16:08:01 [notice] 41#41: exiting
2024/03/29 16:08:01 [notice] 37#37: exit
2024/03/29 16:08:01 [notice] 41#41: exit
2024/03/29 16:08:01 [notice] 43#43: gracefully shutting down
2024/03/29 16:08:01 [notice] 43#43: exiting
2024/03/29 16:08:01 [notice] 43#43: exit
2024/03/29 16:08:01 [notice] 38#38: gracefully shutting down
2024/03/29 16:08:01 [notice] 35#35: gracefully shutting down
2024/03/29 16:08:01 [notice] 39#39: gracefully shutting down
2024/03/29 16:08:01 [notice] 39#39: exiting
2024/03/29 16:08:01 [notice] 35#35: exiting
2024/03/29 16:08:01 [notice] 38#38: exiting
2024/03/29 16:08:01 [notice] 32#32: gracefully shutting down
2024/03/29 16:08:01 [notice] 32#32: exiting
2024/03/29 16:08:01 [notice] 39#39: exit
2024/03/29 16:08:01 [notice] 44#44: gracefully shutting down
2024/03/29 16:08:01 [notice] 38#38: exit
2024/03/29 16:08:01 [notice] 42#42: gracefully shutting down
2024/03/29 16:08:01 [notice] 35#35: exit
2024/03/29 16:08:01 [notice] 32#32: exit
2024/03/29 16:08:01 [notice] 44#44: exiting
2024/03/29 16:08:01 [notice] 42#42: exiting
2024/03/29 16:08:01 [notice] 44#44: exit
2024/03/29 16:08:01 [notice] 42#42: exit
2024/03/29 16:08:01 [notice] 30#30: gracefully shutting down
2024/03/29 16:08:01 [notice] 30#30: exiting
2024/03/29 16:08:01 [notice] 40#40: gracefully shutting down
2024/03/29 16:08:01 [notice] 29#29: gracefully shutting down
2024/03/29 16:08:01 [notice] 40#40: exiting
2024/03/29 16:08:01 [notice] 29#29: exiting
2024/03/29 16:08:01 [notice] 30#30: exit
2024/03/29 16:08:01 [notice] 36#36: gracefully shutting down
2024/03/29 16:08:01 [notice] 36#36: exiting
2024/03/29 16:08:01 [notice] 40#40: exit
2024/03/29 16:08:01 [notice] 29#29: exit
2024/03/29 16:08:01 [notice] 36#36: exit
2024/03/29 16:08:01 [notice] 31#31: gracefully shutting down
2024/03/29 16:08:01 [notice] 31#31: exiting
2024/03/29 16:08:01 [notice] 33#33: gracefully shutting down
2024/03/29 16:08:01 [notice] 31#31: exit
2024/03/29 16:08:01 [notice] 33#33: exiting
2024/03/29 16:08:01 [notice] 34#34: gracefully shutting down
2024/03/29 16:08:01 [notice] 34#34: exiting
2024/03/29 16:08:01 [notice] 33#33: exit
2024/03/29 16:08:01 [notice] 34#34: exit
2024/03/29 16:08:01 [notice] 1#1: signal 17 (SIGCHLD) received from 37
2024/03/29 16:08:01 [notice] 1#1: worker process 31 exited with code 0
2024/03/29 16:08:01 [notice] 1#1: worker process 32 exited with code 0
2024/03/29 16:08:01 [notice] 1#1: worker process 35 exited with code 0
2024/03/29 16:08:01 [notice] 1#1: worker process 37 exited with code 0
2024/03/29 16:08:01 [notice] 1#1: worker process 42 exited with code 0
2024/03/29 16:08:01 [notice] 1#1: signal 29 (SIGIO) received
2024/03/29 16:08:01 [notice] 1#1: signal 17 (SIGCHLD) received from 31
2024/03/29 16:08:01 [notice] 1#1: signal 17 (SIGCHLD) received from 38
2024/03/29 16:08:01 [notice] 1#1: worker process 29 exited with code 0
2024/03/29 16:08:01 [notice] 1#1: worker process 33 exited with code 0
2024/03/29 16:08:01 [notice] 1#1: worker process 34 exited with code 0
2024/03/29 16:08:01 [notice] 1#1: worker process 38 exited with code 0
2024/03/29 16:08:01 [notice] 1#1: signal 29 (SIGIO) received
2024/03/29 16:08:01 [notice] 1#1: signal 17 (SIGCHLD) received from 33
2024/03/29 16:08:01 [notice] 1#1: worker process 40 exited with code 0
2024/03/29 16:08:01 [notice] 1#1: worker process 41 exited with code 0
2024/03/29 16:08:01 [notice] 1#1: worker process 43 exited with code 0
2024/03/29 16:08:01 [notice] 1#1: worker process 44 exited with code 0
2024/03/29 16:08:01 [notice] 1#1: signal 29 (SIGIO) received
2024/03/29 16:08:01 [notice] 1#1: signal 17 (SIGCHLD) received from 43
2024/03/29 16:08:01 [notice] 1#1: signal 17 (SIGCHLD) received from 36
2024/03/29 16:08:01 [notice] 1#1: worker process 36 exited with code 0
2024/03/29 16:08:01 [notice] 1#1: signal 29 (SIGIO) received
2024/03/29 16:08:01 [notice] 1#1: signal 17 (SIGCHLD) received from 30
2024/03/29 16:08:01 [notice] 1#1: worker process 30 exited with code 0
2024/03/29 16:08:01 [notice] 1#1: signal 29 (SIGIO) received
2024/03/29 16:08:01 [notice] 1#1: signal 17 (SIGCHLD) received from 39
2024/03/29 16:08:01 [notice] 1#1: worker process 39 exited with code 0
2024/03/29 16:08:01 [notice] 1#1: exit
2024/03/29 16:08:12 [notice] 1#1: using the "epoll" event method
2024/03/29 16:08:12 [notice] 1#1: nginx/1.25.4
2024/03/29 16:08:12 [notice] 1#1: built by gcc 12.2.1 20220924 (Alpine 12.2.1_git20220924-r10) 
2024/03/29 16:08:12 [notice] 1#1: OS: Linux 5.15.146.1-microsoft-standard-WSL2
2024/03/29 16:08:12 [notice] 1#1: getrlimit(RLIMIT_NOFILE): 1048576:1048576
2024/03/29 16:08:12 [notice] 1#1: start worker processes
2024/03/29 16:08:12 [notice] 1#1: start worker process 29
2024/03/29 16:08:12 [notice] 1#1: start worker process 30
2024/03/29 16:08:12 [notice] 1#1: start worker process 31
2024/03/29 16:08:12 [notice] 1#1: start worker process 32
2024/03/29 16:08:12 [notice] 1#1: start worker process 33
2024/03/29 16:08:12 [notice] 1#1: start worker process 34
2024/03/29 16:08:12 [notice] 1#1: start worker process 35
2024/03/29 16:08:12 [notice] 1#1: start worker process 36
2024/03/29 16:08:12 [notice] 1#1: start worker process 37
2024/03/29 16:08:12 [notice] 1#1: start worker process 38
2024/03/29 16:08:12 [notice] 1#1: start worker process 39
2024/03/29 16:08:12 [notice] 1#1: start worker process 40
2024/03/29 16:08:12 [notice] 1#1: start worker process 41
2024/03/29 16:08:12 [notice] 1#1: start worker process 42
2024/03/29 16:08:12 [notice] 1#1: start worker process 43
2024/03/29 16:08:12 [notice] 1#1: start worker process 44
2024/03/29 16:16:26 [notice] 1#1: signal 3 (SIGQUIT) received, shutting down
2024/03/29 16:16:26 [notice] 29#29: gracefully shutting down
2024/03/29 16:16:26 [notice] 30#30: gracefully shutting down
2024/03/29 16:16:26 [notice] 29#29: exiting
2024/03/29 16:16:26 [notice] 31#31: gracefully shutting down
2024/03/29 16:16:26 [notice] 30#30: exiting
2024/03/29 16:16:26 [notice] 31#31: exiting
2024/03/29 16:16:26 [notice] 32#32: gracefully shutting down
2024/03/29 16:16:26 [notice] 32#32: exiting
2024/03/29 16:16:26 [notice] 33#33: gracefully shutting down
2024/03/29 16:16:26 [notice] 33#33: exiting
2024/03/29 16:16:26 [notice] 29#29: exit
2024/03/29 16:16:26 [notice] 30#30: exit
2024/03/29 16:16:26 [notice] 39#39: gracefully shutting down
2024/03/29 16:16:26 [notice] 31#31: exit
2024/03/29 16:16:26 [notice] 32#32: exit
2024/03/29 16:16:26 [notice] 33#33: exit
2024/03/29 16:16:26 [notice] 39#39: exiting
2024/03/29 16:16:26 [notice] 39#39: exit
2024/03/29 16:16:26 [notice] 38#38: gracefully shutting down
2024/03/29 16:16:26 [notice] 37#37: gracefully shutting down
2024/03/29 16:16:26 [notice] 36#36: gracefully shutting down
2024/03/29 16:16:26 [notice] 38#38: exiting
2024/03/29 16:16:26 [notice] 37#37: exiting
2024/03/29 16:16:26 [notice] 36#36: exiting
2024/03/29 16:16:26 [notice] 38#38: exit
2024/03/29 16:16:26 [notice] 37#37: exit
2024/03/29 16:16:26 [notice] 36#36: exit
2024/03/29 16:16:26 [notice] 40#40: gracefully shutting down
2024/03/29 16:16:26 [notice] 40#40: exiting
2024/03/29 16:16:26 [notice] 40#40: exit
2024/03/29 16:16:26 [notice] 41#41: gracefully shutting down
2024/03/29 16:16:26 [notice] 41#41: exiting
2024/03/29 16:16:26 [notice] 44#44: gracefully shutting down
2024/03/29 16:16:26 [notice] 44#44: exiting
2024/03/29 16:16:26 [notice] 34#34: gracefully shutting down
2024/03/29 16:16:26 [notice] 41#41: exit
2024/03/29 16:16:26 [notice] 34#34: exiting
2024/03/29 16:16:26 [notice] 44#44: exit
2024/03/29 16:16:26 [notice] 34#34: exit
2024/03/29 16:16:26 [notice] 35#35: gracefully shutting down
2024/03/29 16:16:26 [notice] 35#35: exiting
2024/03/29 16:16:26 [notice] 43#43: gracefully shutting down
2024/03/29 16:16:26 [notice] 35#35: exit
2024/03/29 16:16:26 [notice] 43#43: exiting
2024/03/29 16:16:26 [notice] 43#43: exit
2024/03/29 16:16:26 [notice] 42#42: gracefully shutting down
2024/03/29 16:16:26 [notice] 42#42: exiting
2024/03/29 16:16:26 [notice] 42#42: exit
2024/03/29 16:16:26 [notice] 1#1: signal 17 (SIGCHLD) received from 30
2024/03/29 16:16:26 [notice] 1#1: worker process 30 exited with code 0
2024/03/29 16:16:26 [notice] 1#1: worker process 31 exited with code 0
2024/03/29 16:16:26 [notice] 1#1: worker process 32 exited with code 0
2024/03/29 16:16:26 [notice] 1#1: worker process 33 exited with code 0
2024/03/29 16:16:26 [notice] 1#1: worker process 34 exited with code 0
2024/03/29 16:16:26 [notice] 1#1: worker process 37 exited with code 0
2024/03/29 16:16:26 [notice] 1#1: worker process 38 exited with code 0
2024/03/29 16:16:26 [notice] 1#1: worker process 39 exited with code 0
2024/03/29 16:16:26 [notice] 1#1: worker process 42 exited with code 0
2024/03/29 16:16:26 [notice] 1#1: signal 29 (SIGIO) received
2024/03/29 16:16:26 [notice] 1#1: signal 17 (SIGCHLD) received from 34
2024/03/29 16:16:26 [notice] 1#1: worker process 29 exited with code 0
2024/03/29 16:16:26 [notice] 1#1: worker process 35 exited with code 0
2024/03/29 16:16:26 [notice] 1#1: worker process 40 exited with code 0
2024/03/29 16:16:26 [notice] 1#1: worker process 43 exited with code 0
2024/03/29 16:16:26 [notice] 1#1: signal 29 (SIGIO) received
2024/03/29 16:16:26 [notice] 1#1: signal 17 (SIGCHLD) received from 36
2024/03/29 16:16:26 [notice] 1#1: worker process 36 exited with code 0
2024/03/29 16:16:26 [notice] 1#1: worker process 41 exited with code 0
2024/03/29 16:16:26 [notice] 1#1: signal 29 (SIGIO) received
2024/03/29 16:16:26 [notice] 1#1: signal 17 (SIGCHLD) received from 41
2024/03/29 16:16:26 [notice] 1#1: signal 17 (SIGCHLD) received from 44
2024/03/29 16:16:26 [notice] 1#1: worker process 44 exited with code 0
2024/03/29 16:16:26 [notice] 1#1: exit
2024/03/29 16:35:16 [notice] 1#1: using the "epoll" event method
2024/03/29 16:35:16 [notice] 1#1: nginx/1.25.4
2024/03/29 16:35:16 [notice] 1#1: built by gcc 12.2.1 20220924 (Alpine 12.2.1_git20220924-r10) 
2024/03/29 16:35:16 [notice] 1#1: OS: Linux 5.15.146.1-microsoft-standard-WSL2
2024/03/29 16:35:16 [notice] 1#1: getrlimit(RLIMIT_NOFILE): 1048576:1048576
2024/03/29 16:35:16 [notice] 1#1: start worker processes
2024/03/29 16:35:16 [notice] 1#1: start worker process 29
2024/03/29 16:35:16 [notice] 1#1: start worker process 30
2024/03/29 16:35:16 [notice] 1#1: start worker process 31
2024/03/29 16:35:16 [notice] 1#1: start worker process 32
2024/03/29 16:35:16 [notice] 1#1: start worker process 33
2024/03/29 16:35:16 [notice] 1#1: start worker process 34
2024/03/29 16:35:16 [notice] 1#1: start worker process 35
2024/03/29 16:35:16 [notice] 1#1: start worker process 36
2024/03/29 16:35:16 [notice] 1#1: start worker process 37
2024/03/29 16:35:16 [notice] 1#1: start worker process 38
2024/03/29 16:35:16 [notice] 1#1: start worker process 39
2024/03/29 16:35:16 [notice] 1#1: start worker process 40
2024/03/29 16:35:16 [notice] 1#1: start worker process 41
2024/03/29 16:35:16 [notice] 1#1: start worker process 42
2024/03/29 16:35:16 [notice] 1#1: start worker process 43
2024/03/29 16:35:16 [notice] 1#1: start worker process 44
2024/03/29 16:56:37 [notice] 1#1: signal 3 (SIGQUIT) received, shutting down
2024/03/29 16:56:37 [notice] 29#29: gracefully shutting down
2024/03/29 16:56:37 [notice] 30#30: gracefully shutting down
2024/03/29 16:56:37 [notice] 32#32: gracefully shutting down
2024/03/29 16:56:37 [notice] 31#31: gracefully shutting down
2024/03/29 16:56:37 [notice] 33#33: gracefully shutting down
2024/03/29 16:56:37 [notice] 34#34: gracefully shutting down
2024/03/29 16:56:37 [notice] 29#29: exiting
2024/03/29 16:56:37 [notice] 30#30: exiting
2024/03/29 16:56:37 [notice] 32#32: exiting
2024/03/29 16:56:37 [notice] 36#36: gracefully shutting down
2024/03/29 16:56:37 [notice] 31#31: exiting
2024/03/29 16:56:37 [notice] 43#43: gracefully shutting down
2024/03/29 16:56:37 [notice] 33#33: exiting
2024/03/29 16:56:37 [notice] 34#34: exiting
2024/03/29 16:56:37 [notice] 36#36: exiting
2024/03/29 16:56:37 [notice] 43#43: exiting
2024/03/29 16:56:37 [notice] 39#39: gracefully shutting down
2024/03/29 16:56:37 [notice] 39#39: exiting
2024/03/29 16:56:37 [notice] 44#44: gracefully shutting down
2024/03/29 16:56:37 [notice] 44#44: exiting
2024/03/29 16:56:37 [notice] 29#29: exit
2024/03/29 16:56:37 [notice] 32#32: exit
2024/03/29 16:56:37 [notice] 43#43: exit
2024/03/29 16:56:37 [notice] 37#37: gracefully shutting down
2024/03/29 16:56:37 [notice] 31#31: exit
2024/03/29 16:56:37 [notice] 30#30: exit
2024/03/29 16:56:37 [notice] 33#33: exit
2024/03/29 16:56:37 [notice] 34#34: exit
2024/03/29 16:56:37 [notice] 37#37: exiting
2024/03/29 16:56:37 [notice] 36#36: exit
2024/03/29 16:56:37 [notice] 39#39: exit
2024/03/29 16:56:37 [notice] 44#44: exit
2024/03/29 16:56:37 [notice] 37#37: exit
2024/03/29 16:56:37 [notice] 40#40: gracefully shutting down
2024/03/29 16:56:37 [notice] 40#40: exiting
2024/03/29 16:56:37 [notice] 40#40: exit
2024/03/29 16:56:37 [notice] 41#41: gracefully shutting down
2024/03/29 16:56:37 [notice] 41#41: exiting
2024/03/29 16:56:37 [notice] 42#42: gracefully shutting down
2024/03/29 16:56:37 [notice] 42#42: exiting
2024/03/29 16:56:37 [notice] 41#41: exit
2024/03/29 16:56:37 [notice] 35#35: gracefully shutting down
2024/03/29 16:56:37 [notice] 35#35: exiting
2024/03/29 16:56:37 [notice] 38#38: gracefully shutting down
2024/03/29 16:56:37 [notice] 42#42: exit
2024/03/29 16:56:37 [notice] 38#38: exiting
2024/03/29 16:56:37 [notice] 35#35: exit
2024/03/29 16:56:37 [notice] 38#38: exit
2024/03/29 16:56:37 [notice] 1#1: signal 17 (SIGCHLD) received from 41
2024/03/29 16:56:37 [notice] 1#1: worker process 41 exited with code 0
2024/03/29 16:56:37 [notice] 1#1: worker process 43 exited with code 0
2024/03/29 16:56:37 [notice] 1#1: signal 29 (SIGIO) received
2024/03/29 16:56:37 [notice] 1#1: signal 17 (SIGCHLD) received from 42
2024/03/29 16:56:37 [notice] 1#1: worker process 34 exited with code 0
2024/03/29 16:56:37 [notice] 1#1: worker process 39 exited with code 0
2024/03/29 16:56:37 [notice] 1#1: worker process 42 exited with code 0
2024/03/29 16:56:37 [notice] 1#1: signal 29 (SIGIO) received
2024/03/29 16:56:37 [notice] 1#1: signal 17 (SIGCHLD) received from 35
2024/03/29 16:56:37 [notice] 1#1: worker process 35 exited with code 0
2024/03/29 16:56:37 [notice] 1#1: signal 29 (SIGIO) received
2024/03/29 16:56:37 [notice] 1#1: signal 17 (SIGCHLD) received from 33
2024/03/29 16:56:37 [notice] 1#1: worker process 33 exited with code 0
2024/03/29 16:56:37 [notice] 1#1: worker process 44 exited with code 0
2024/03/29 16:56:37 [notice] 1#1: signal 29 (SIGIO) received
2024/03/29 16:56:37 [notice] 1#1: signal 17 (SIGCHLD) received from 40
2024/03/29 16:56:37 [notice] 1#1: worker process 40 exited with code 0
2024/03/29 16:56:37 [notice] 1#1: signal 29 (SIGIO) received
2024/03/29 16:56:37 [notice] 1#1: signal 17 (SIGCHLD) received from 36
2024/03/29 16:56:37 [notice] 1#1: worker process 31 exited with code 0
2024/03/29 16:56:37 [notice] 1#1: worker process 36 exited with code 0
2024/03/29 16:56:37 [notice] 1#1: worker process 29 exited with code 0
2024/03/29 16:56:37 [notice] 1#1: signal 29 (SIGIO) received
2024/03/29 16:56:37 [notice] 1#1: signal 17 (SIGCHLD) received from 29
2024/03/29 16:56:37 [notice] 1#1: worker process 32 exited with code 0
2024/03/29 16:56:37 [notice] 1#1: signal 29 (SIGIO) received
2024/03/29 16:56:37 [notice] 1#1: signal 17 (SIGCHLD) received from 32
2024/03/29 16:56:37 [notice] 1#1: signal 17 (SIGCHLD) received from 38
2024/03/29 16:56:37 [notice] 1#1: worker process 38 exited with code 0
2024/03/29 16:56:37 [notice] 1#1: signal 29 (SIGIO) received
2024/03/29 16:56:37 [notice] 1#1: signal 17 (SIGCHLD) received from 30
2024/03/29 16:56:37 [notice] 1#1: worker process 30 exited with code 0
2024/03/29 16:56:37 [notice] 1#1: worker process 37 exited with code 0
2024/03/29 16:56:37 [notice] 1#1: exit
2024/03/29 16:59:09 [emerg] 1#1: host not found in upstream "php" in /etc/nginx/conf.d/default.conf:18
2024/03/29 17:00:57 [emerg] 1#1: host not found in upstream "php" in /etc/nginx/conf.d/default.conf:18
2024/03/29 17:03:31 [notice] 1#1: using the "epoll" event method
2024/03/29 17:03:31 [notice] 1#1: nginx/1.25.4
2024/03/29 17:03:31 [notice] 1#1: built by gcc 12.2.1 20220924 (Alpine 12.2.1_git20220924-r10) 
2024/03/29 17:03:31 [notice] 1#1: OS: Linux 5.15.146.1-microsoft-standard-WSL2
2024/03/29 17:03:31 [notice] 1#1: getrlimit(RLIMIT_NOFILE): 1048576:1048576
2024/03/29 17:03:31 [notice] 1#1: start worker processes
2024/03/29 17:03:31 [notice] 1#1: start worker process 29
2024/03/29 17:03:31 [notice] 1#1: start worker process 30
2024/03/29 17:03:31 [notice] 1#1: start worker process 31
2024/03/29 17:03:31 [notice] 1#1: start worker process 32
2024/03/29 17:03:31 [notice] 1#1: start worker process 33
2024/03/29 17:03:31 [notice] 1#1: start worker process 34
2024/03/29 17:03:31 [notice] 1#1: start worker process 35
2024/03/29 17:03:31 [notice] 1#1: start worker process 36
2024/03/29 17:03:31 [notice] 1#1: start worker process 37
2024/03/29 17:03:31 [notice] 1#1: start worker process 38
2024/03/29 17:03:31 [notice] 1#1: start worker process 39
2024/03/29 17:03:31 [notice] 1#1: start worker process 40
2024/03/29 17:03:31 [notice] 1#1: start worker process 41
2024/03/29 17:03:31 [notice] 1#1: start worker process 42
2024/03/29 17:03:31 [notice] 1#1: start worker process 43
2024/03/29 17:03:31 [notice] 1#1: start worker process 44
2024/03/29 17:06:12 [notice] 1#1: signal 3 (SIGQUIT) received, shutting down
2024/03/29 17:06:12 [notice] 29#29: gracefully shutting down
2024/03/29 17:06:12 [notice] 29#29: exiting
2024/03/29 17:06:12 [notice] 40#40: gracefully shutting down
2024/03/29 17:06:12 [notice] 40#40: exiting
2024/03/29 17:06:12 [notice] 29#29: exit
2024/03/29 17:06:12 [notice] 30#30: gracefully shutting down
2024/03/29 17:06:12 [notice] 40#40: exit
2024/03/29 17:06:12 [notice] 30#30: exiting
2024/03/29 17:06:12 [notice] 30#30: exit
2024/03/29 17:06:12 [notice] 42#42: gracefully shutting down
2024/03/29 17:06:12 [notice] 39#39: gracefully shutting down
2024/03/29 17:06:12 [notice] 42#42: exiting
2024/03/29 17:06:12 [notice] 39#39: exiting
2024/03/29 17:06:12 [notice] 31#31: gracefully shutting down
2024/03/29 17:06:12 [notice] 42#42: exit
2024/03/29 17:06:12 [notice] 39#39: exit
2024/03/29 17:06:12 [notice] 31#31: exiting
2024/03/29 17:06:12 [notice] 31#31: exit
2024/03/29 17:06:12 [notice] 33#33: gracefully shutting down
2024/03/29 17:06:12 [notice] 33#33: exiting
2024/03/29 17:06:12 [notice] 34#34: gracefully shutting down
2024/03/29 17:06:12 [notice] 35#35: gracefully shutting down
2024/03/29 17:06:12 [notice] 34#34: exiting
2024/03/29 17:06:12 [notice] 35#35: exiting
2024/03/29 17:06:12 [notice] 33#33: exit
2024/03/29 17:06:12 [notice] 34#34: exit
2024/03/29 17:06:12 [notice] 32#32: gracefully shutting down
2024/03/29 17:06:12 [notice] 44#44: gracefully shutting down
2024/03/29 17:06:12 [notice] 35#35: exit
2024/03/29 17:06:12 [notice] 32#32: exiting
2024/03/29 17:06:12 [notice] 44#44: exiting
2024/03/29 17:06:12 [notice] 32#32: exit
2024/03/29 17:06:12 [notice] 44#44: exit
2024/03/29 17:06:12 [notice] 41#41: gracefully shutting down
2024/03/29 17:06:12 [notice] 41#41: exiting
2024/03/29 17:06:12 [notice] 41#41: exit
2024/03/29 17:06:12 [notice] 38#38: gracefully shutting down
2024/03/29 17:06:12 [notice] 38#38: exiting
2024/03/29 17:06:12 [notice] 43#43: gracefully shutting down
2024/03/29 17:06:12 [notice] 43#43: exiting
2024/03/29 17:06:12 [notice] 38#38: exit
2024/03/29 17:06:12 [notice] 43#43: exit
2024/03/29 17:06:12 [notice] 36#36: gracefully shutting down
2024/03/29 17:06:12 [notice] 37#37: gracefully shutting down
2024/03/29 17:06:12 [notice] 36#36: exiting
2024/03/29 17:06:12 [notice] 37#37: exiting
2024/03/29 17:06:12 [notice] 36#36: exit
2024/03/29 17:06:12 [notice] 37#37: exit
2024/03/29 17:06:12 [notice] 1#1: signal 17 (SIGCHLD) received from 33
2024/03/29 17:06:12 [notice] 1#1: worker process 31 exited with code 0
2024/03/29 17:06:12 [notice] 1#1: worker process 33 exited with code 0
2024/03/29 17:06:12 [notice] 1#1: signal 29 (SIGIO) received
2024/03/29 17:06:12 [notice] 1#1: signal 17 (SIGCHLD) received from 34
2024/03/29 17:06:12 [notice] 1#1: worker process 32 exited with code 0
2024/03/29 17:06:12 [notice] 1#1: worker process 29 exited with code 0
2024/03/29 17:06:12 [notice] 1#1: worker process 34 exited with code 0
2024/03/29 17:06:12 [notice] 1#1: worker process 37 exited with code 0
2024/03/29 17:06:12 [notice] 1#1: worker process 40 exited with code 0
2024/03/29 17:06:12 [notice] 1#1: worker process 42 exited with code 0
2024/03/29 17:06:12 [notice] 1#1: worker process 43 exited with code 0
2024/03/29 17:06:12 [notice] 1#1: worker process 39 exited with code 0
2024/03/29 17:06:12 [notice] 1#1: worker process 44 exited with code 0
2024/03/29 17:06:12 [notice] 1#1: signal 29 (SIGIO) received
2024/03/29 17:06:12 [notice] 1#1: signal 17 (SIGCHLD) received from 43
2024/03/29 17:06:12 [notice] 1#1: worker process 30 exited with code 0
2024/03/29 17:06:12 [notice] 1#1: worker process 35 exited with code 0
2024/03/29 17:06:12 [notice] 1#1: worker process 38 exited with code 0
2024/03/29 17:06:12 [notice] 1#1: worker process 41 exited with code 0
2024/03/29 17:06:12 [notice] 1#1: signal 29 (SIGIO) received
2024/03/29 17:06:12 [notice] 1#1: signal 17 (SIGCHLD) received from 41
2024/03/29 17:06:12 [notice] 1#1: signal 17 (SIGCHLD) received from 36
2024/03/29 17:06:12 [notice] 1#1: worker process 36 exited with code 0
2024/03/29 17:06:12 [notice] 1#1: exit
2024/03/29 17:06:16 [emerg] 1#1: host not found in upstream "php" in /etc/nginx/conf.d/default.conf:18
2024/03/29 17:07:39 [emerg] 1#1: host not found in upstream "php" in /etc/nginx/conf.d/default.conf:18
2024/03/29 17:08:21 [emerg] 1#1: host not found in upstream "php" in /etc/nginx/conf.d/default.conf:18
2024/03/29 17:09:21 [emerg] 1#1: host not found in upstream "php" in /etc/nginx/conf.d/default.conf:18
2024/03/29 17:12:15 [notice] 1#1: using the "epoll" event method
2024/03/29 17:12:15 [notice] 1#1: nginx/1.25.4
2024/03/29 17:12:15 [notice] 1#1: built by gcc 12.2.1 20220924 (Alpine 12.2.1_git20220924-r10) 
2024/03/29 17:12:15 [notice] 1#1: OS: Linux 5.15.146.1-microsoft-standard-WSL2
2024/03/29 17:12:15 [notice] 1#1: getrlimit(RLIMIT_NOFILE): 1048576:1048576
2024/03/29 17:12:15 [notice] 1#1: start worker processes
2024/03/29 17:12:15 [notice] 1#1: start worker process 29
2024/03/29 17:12:15 [notice] 1#1: start worker process 30
2024/03/29 17:12:15 [notice] 1#1: start worker process 31
2024/03/29 17:12:15 [notice] 1#1: start worker process 32
2024/03/29 17:12:15 [notice] 1#1: start worker process 33
2024/03/29 17:12:15 [notice] 1#1: start worker process 34
2024/03/29 17:12:15 [notice] 1#1: start worker process 35
2024/03/29 17:12:15 [notice] 1#1: start worker process 36
2024/03/29 17:12:15 [notice] 1#1: start worker process 37
2024/03/29 17:12:15 [notice] 1#1: start worker process 38
2024/03/29 17:12:15 [notice] 1#1: start worker process 39
2024/03/29 17:12:15 [notice] 1#1: start worker process 40
2024/03/29 17:12:15 [notice] 1#1: start worker process 41
2024/03/29 17:12:15 [notice] 1#1: start worker process 42
2024/03/29 17:12:15 [notice] 1#1: start worker process 43
2024/03/29 17:12:15 [notice] 1#1: start worker process 44
2024/03/29 17:14:48 [notice] 1#1: signal 3 (SIGQUIT) received, shutting down
2024/03/29 17:14:48 [notice] 29#29: gracefully shutting down
2024/03/29 17:14:48 [notice] 30#30: gracefully shutting down
2024/03/29 17:14:48 [notice] 29#29: exiting
2024/03/29 17:14:48 [notice] 30#30: exiting
2024/03/29 17:14:48 [notice] 40#40: gracefully shutting down
2024/03/29 17:14:48 [notice] 39#39: gracefully shutting down
2024/03/29 17:14:48 [notice] 37#37: gracefully shutting down
2024/03/29 17:14:48 [notice] 40#40: exiting
2024/03/29 17:14:48 [notice] 39#39: exiting
2024/03/29 17:14:48 [notice] 37#37: exiting
2024/03/29 17:14:48 [notice] 29#29: exit
2024/03/29 17:14:48 [notice] 30#30: exit
2024/03/29 17:14:48 [notice] 37#37: exit
2024/03/29 17:14:48 [notice] 40#40: exit
2024/03/29 17:14:48 [notice] 39#39: exit
2024/03/29 17:14:48 [notice] 31#31: gracefully shutting down
2024/03/29 17:14:48 [notice] 31#31: exiting
2024/03/29 17:14:48 [notice] 31#31: exit
2024/03/29 17:14:48 [notice] 41#41: gracefully shutting down
2024/03/29 17:14:48 [notice] 41#41: exiting
2024/03/29 17:14:48 [notice] 38#38: gracefully shutting down
2024/03/29 17:14:48 [notice] 33#33: gracefully shutting down
2024/03/29 17:14:48 [notice] 38#38: exiting
2024/03/29 17:14:48 [notice] 33#33: exiting
2024/03/29 17:14:48 [notice] 43#43: gracefully shutting down
2024/03/29 17:14:48 [notice] 43#43: exiting
2024/03/29 17:14:48 [notice] 41#41: exit
2024/03/29 17:14:48 [notice] 38#38: exit
2024/03/29 17:14:48 [notice] 33#33: exit
2024/03/29 17:14:48 [notice] 43#43: exit
2024/03/29 17:14:48 [notice] 32#32: gracefully shutting down
2024/03/29 17:14:48 [notice] 32#32: exiting
2024/03/29 17:14:48 [notice] 32#32: exit
2024/03/29 17:14:48 [notice] 44#44: gracefully shutting down
2024/03/29 17:14:48 [notice] 44#44: exiting
2024/03/29 17:14:48 [notice] 44#44: exit
2024/03/29 17:14:48 [notice] 34#34: gracefully shutting down
2024/03/29 17:14:48 [notice] 34#34: exiting
2024/03/29 17:14:48 [notice] 35#35: gracefully shutting down
2024/03/29 17:14:48 [notice] 35#35: exiting
2024/03/29 17:14:48 [notice] 34#34: exit
2024/03/29 17:14:48 [notice] 35#35: exit
2024/03/29 17:14:48 [notice] 36#36: gracefully shutting down
2024/03/29 17:14:48 [notice] 36#36: exiting
2024/03/29 17:14:48 [notice] 42#42: gracefully shutting down
2024/03/29 17:14:48 [notice] 42#42: exiting
2024/03/29 17:14:48 [notice] 36#36: exit
2024/03/29 17:14:48 [notice] 42#42: exit
2024/03/29 17:14:49 [notice] 1#1: signal 17 (SIGCHLD) received from 32
2024/03/29 17:14:49 [notice] 1#1: worker process 30 exited with code 0
2024/03/29 17:14:49 [notice] 1#1: worker process 31 exited with code 0
2024/03/29 17:14:49 [notice] 1#1: worker process 32 exited with code 0
2024/03/29 17:14:49 [notice] 1#1: worker process 33 exited with code 0
2024/03/29 17:14:49 [notice] 1#1: worker process 34 exited with code 0
2024/03/29 17:14:49 [notice] 1#1: worker process 35 exited with code 0
2024/03/29 17:14:49 [notice] 1#1: worker process 38 exited with code 0
2024/03/29 17:14:49 [notice] 1#1: worker process 39 exited with code 0
2024/03/29 17:14:49 [notice] 1#1: worker process 40 exited with code 0
2024/03/29 17:14:49 [notice] 1#1: worker process 42 exited with code 0
2024/03/29 17:14:49 [notice] 1#1: signal 29 (SIGIO) received
2024/03/29 17:14:49 [notice] 1#1: signal 17 (SIGCHLD) received from 30
2024/03/29 17:14:49 [notice] 1#1: worker process 29 exited with code 0
2024/03/29 17:14:49 [notice] 1#1: worker process 41 exited with code 0
2024/03/29 17:14:49 [notice] 1#1: signal 29 (SIGIO) received
2024/03/29 17:14:49 [notice] 1#1: signal 17 (SIGCHLD) received from 37
2024/03/29 17:14:49 [notice] 1#1: worker process 36 exited with code 0
2024/03/29 17:14:49 [notice] 1#1: worker process 37 exited with code 0
2024/03/29 17:14:49 [notice] 1#1: worker process 43 exited with code 0
2024/03/29 17:14:49 [notice] 1#1: signal 29 (SIGIO) received
2024/03/29 17:14:49 [notice] 1#1: signal 17 (SIGCHLD) received from 36
2024/03/29 17:14:49 [notice] 1#1: signal 17 (SIGCHLD) received from 44
2024/03/29 17:14:49 [notice] 1#1: worker process 44 exited with code 0
2024/03/29 17:14:49 [notice] 1#1: exit
2024/03/29 17:14:59 [notice] 1#1: using the "epoll" event method
2024/03/29 17:14:59 [notice] 1#1: nginx/1.25.4
2024/03/29 17:14:59 [notice] 1#1: built by gcc 12.2.1 20220924 (Alpine 12.2.1_git20220924-r10) 
2024/03/29 17:14:59 [notice] 1#1: OS: Linux 5.15.146.1-microsoft-standard-WSL2
2024/03/29 17:14:59 [notice] 1#1: getrlimit(RLIMIT_NOFILE): 1048576:1048576
2024/03/29 17:14:59 [notice] 1#1: start worker processes
2024/03/29 17:14:59 [notice] 1#1: start worker process 29
2024/03/29 17:14:59 [notice] 1#1: start worker process 30
2024/03/29 17:14:59 [notice] 1#1: start worker process 31
2024/03/29 17:14:59 [notice] 1#1: start worker process 32
2024/03/29 17:14:59 [notice] 1#1: start worker process 33
2024/03/29 17:14:59 [notice] 1#1: start worker process 34
2024/03/29 17:14:59 [notice] 1#1: start worker process 35
2024/03/29 17:14:59 [notice] 1#1: start worker process 36
2024/03/29 17:14:59 [notice] 1#1: start worker process 37
2024/03/29 17:14:59 [notice] 1#1: start worker process 38
2024/03/29 17:14:59 [notice] 1#1: start worker process 39
2024/03/29 17:14:59 [notice] 1#1: start worker process 40
2024/03/29 17:14:59 [notice] 1#1: start worker process 41
2024/03/29 17:14:59 [notice] 1#1: start worker process 42
2024/03/29 17:14:59 [notice] 1#1: start worker process 43
2024/03/29 17:14:59 [notice] 1#1: start worker process 44
2024/03/29 17:16:20 [notice] 1#1: signal 3 (SIGQUIT) received, shutting down
2024/03/29 17:16:20 [notice] 30#30: gracefully shutting down
2024/03/29 17:16:20 [notice] 30#30: exiting
2024/03/29 17:16:20 [notice] 43#43: gracefully shutting down
2024/03/29 17:16:20 [notice] 30#30: exit
2024/03/29 17:16:20 [notice] 43#43: exiting
2024/03/29 17:16:20 [notice] 39#39: gracefully shutting down
2024/03/29 17:16:20 [notice] 41#41: gracefully shutting down
2024/03/29 17:16:20 [notice] 39#39: exiting
2024/03/29 17:16:20 [notice] 43#43: exit
2024/03/29 17:16:20 [notice] 41#41: exiting
2024/03/29 17:16:20 [notice] 39#39: exit
2024/03/29 17:16:20 [notice] 41#41: exit
2024/03/29 17:16:20 [notice] 31#31: gracefully shutting down
2024/03/29 17:16:20 [notice] 32#32: gracefully shutting down
2024/03/29 17:16:20 [notice] 31#31: exiting
2024/03/29 17:16:20 [notice] 32#32: exiting
2024/03/29 17:16:20 [notice] 31#31: exit
2024/03/29 17:16:20 [notice] 29#29: gracefully shutting down
2024/03/29 17:16:20 [notice] 32#32: exit
2024/03/29 17:16:20 [notice] 29#29: exiting
2024/03/29 17:16:20 [notice] 29#29: exit
2024/03/29 17:16:20 [notice] 33#33: gracefully shutting down
2024/03/29 17:16:20 [notice] 33#33: exiting
2024/03/29 17:16:20 [notice] 33#33: exit
2024/03/29 17:16:20 [notice] 42#42: gracefully shutting down
2024/03/29 17:16:20 [notice] 42#42: exiting
2024/03/29 17:16:20 [notice] 34#34: gracefully shutting down
2024/03/29 17:16:20 [notice] 34#34: exiting
2024/03/29 17:16:20 [notice] 42#42: exit
2024/03/29 17:16:20 [notice] 34#34: exit
2024/03/29 17:16:20 [notice] 37#37: gracefully shutting down
2024/03/29 17:16:20 [notice] 37#37: exiting
2024/03/29 17:16:20 [notice] 40#40: gracefully shutting down
2024/03/29 17:16:20 [notice] 40#40: exiting
2024/03/29 17:16:20 [notice] 37#37: exit
2024/03/29 17:16:20 [notice] 40#40: exit
2024/03/29 17:16:20 [notice] 44#44: gracefully shutting down
2024/03/29 17:16:20 [notice] 44#44: exiting
2024/03/29 17:16:20 [notice] 35#35: gracefully shutting down
2024/03/29 17:16:20 [notice] 35#35: exiting
2024/03/29 17:16:20 [notice] 44#44: exit
2024/03/29 17:16:20 [notice] 35#35: exit
2024/03/29 17:16:20 [notice] 38#38: gracefully shutting down
2024/03/29 17:16:20 [notice] 38#38: exiting
2024/03/29 17:16:20 [notice] 38#38: exit
2024/03/29 17:16:20 [notice] 36#36: gracefully shutting down
2024/03/29 17:16:20 [notice] 36#36: exiting
2024/03/29 17:16:20 [notice] 36#36: exit
2024/03/29 17:16:20 [notice] 1#1: signal 17 (SIGCHLD) received from 42
2024/03/29 17:16:20 [notice] 1#1: worker process 39 exited with code 0
2024/03/29 17:16:20 [notice] 1#1: worker process 41 exited with code 0
2024/03/29 17:16:20 [notice] 1#1: worker process 42 exited with code 0
2024/03/29 17:16:20 [notice] 1#1: worker process 43 exited with code 0
2024/03/29 17:16:20 [notice] 1#1: signal 29 (SIGIO) received
2024/03/29 17:16:20 [notice] 1#1: signal 17 (SIGCHLD) received from 41
2024/03/29 17:16:20 [notice] 1#1: worker process 31 exited with code 0
2024/03/29 17:16:20 [notice] 1#1: worker process 37 exited with code 0
2024/03/29 17:16:20 [notice] 1#1: signal 29 (SIGIO) received
2024/03/29 17:16:20 [notice] 1#1: signal 17 (SIGCHLD) received from 35
2024/03/29 17:16:20 [notice] 1#1: worker process 35 exited with code 0
2024/03/29 17:16:20 [notice] 1#1: signal 29 (SIGIO) received
2024/03/29 17:16:20 [notice] 1#1: signal 17 (SIGCHLD) received from 30
2024/03/29 17:16:20 [notice] 1#1: worker process 29 exited with code 0
2024/03/29 17:16:20 [notice] 1#1: worker process 30 exited with code 0
2024/03/29 17:16:20 [notice] 1#1: worker process 32 exited with code 0
2024/03/29 17:16:20 [notice] 1#1: worker process 33 exited with code 0
2024/03/29 17:16:20 [notice] 1#1: worker process 34 exited with code 0
2024/03/29 17:16:20 [notice] 1#1: worker process 36 exited with code 0
2024/03/29 17:16:20 [notice] 1#1: worker process 38 exited with code 0
2024/03/29 17:16:20 [notice] 1#1: signal 29 (SIGIO) received
2024/03/29 17:16:20 [notice] 1#1: signal 17 (SIGCHLD) received from 29
2024/03/29 17:16:20 [notice] 1#1: worker process 44 exited with code 0
2024/03/29 17:16:20 [notice] 1#1: signal 17 (SIGCHLD) received from 40
2024/03/29 17:16:20 [notice] 1#1: worker process 40 exited with code 0
2024/03/29 17:16:20 [notice] 1#1: exit
2024/03/29 17:35:42 [notice] 1#1: using the "epoll" event method
2024/03/29 17:35:42 [notice] 1#1: nginx/1.25.4
2024/03/29 17:35:42 [notice] 1#1: built by gcc 12.2.1 20220924 (Alpine 12.2.1_git20220924-r10) 
2024/03/29 17:35:42 [notice] 1#1: OS: Linux 5.15.146.1-microsoft-standard-WSL2
2024/03/29 17:35:42 [notice] 1#1: getrlimit(RLIMIT_NOFILE): 1048576:1048576
2024/03/29 17:35:42 [notice] 1#1: start worker processes
2024/03/29 17:35:42 [notice] 1#1: start worker process 29
2024/03/29 17:35:42 [notice] 1#1: start worker process 30
2024/03/29 17:35:42 [notice] 1#1: start worker process 31
2024/03/29 17:35:42 [notice] 1#1: start worker process 32
2024/03/29 17:35:42 [notice] 1#1: start worker process 33
2024/03/29 17:35:42 [notice] 1#1: start worker process 34
2024/03/29 17:35:42 [notice] 1#1: start worker process 35
2024/03/29 17:35:42 [notice] 1#1: start worker process 36
2024/03/29 17:35:42 [notice] 1#1: start worker process 37
2024/03/29 17:35:42 [notice] 1#1: start worker process 38
2024/03/29 17:35:42 [notice] 1#1: start worker process 39
2024/03/29 17:35:42 [notice] 1#1: start worker process 40
2024/03/29 17:35:42 [notice] 1#1: start worker process 41
2024/03/29 17:35:42 [notice] 1#1: start worker process 42
2024/03/29 17:35:42 [notice] 1#1: start worker process 43
2024/03/29 17:35:42 [notice] 1#1: start worker process 44
2024/03/29 17:38:51 [notice] 1#1: signal 3 (SIGQUIT) received, shutting down
2024/03/29 17:38:51 [notice] 29#29: gracefully shutting down
2024/03/29 17:38:51 [notice] 30#30: gracefully shutting down
2024/03/29 17:38:51 [notice] 29#29: exiting
2024/03/29 17:38:51 [notice] 32#32: gracefully shutting down
2024/03/29 17:38:51 [notice] 31#31: gracefully shutting down
2024/03/29 17:38:51 [notice] 33#33: gracefully shutting down
2024/03/29 17:38:51 [notice] 30#30: exiting
2024/03/29 17:38:51 [notice] 32#32: exiting
2024/03/29 17:38:51 [notice] 31#31: exiting
2024/03/29 17:38:51 [notice] 33#33: exiting
2024/03/29 17:38:51 [notice] 34#34: gracefully shutting down
2024/03/29 17:38:51 [notice] 36#36: gracefully shutting down
2024/03/29 17:38:51 [notice] 35#35: gracefully shutting down
2024/03/29 17:38:51 [notice] 34#34: exiting
2024/03/29 17:38:51 [notice] 36#36: exiting
2024/03/29 17:38:51 [notice] 37#37: gracefully shutting down
2024/03/29 17:38:51 [notice] 38#38: gracefully shutting down
2024/03/29 17:38:51 [notice] 35#35: exiting
2024/03/29 17:38:51 [notice] 39#39: gracefully shutting down
2024/03/29 17:38:51 [notice] 38#38: exiting
2024/03/29 17:38:51 [notice] 39#39: exiting
2024/03/29 17:38:51 [notice] 37#37: exiting
2024/03/29 17:38:51 [notice] 43#43: gracefully shutting down
2024/03/29 17:38:51 [notice] 43#43: exiting
2024/03/29 17:38:51 [notice] 29#29: exit
2024/03/29 17:38:51 [notice] 32#32: exit
2024/03/29 17:38:51 [notice] 30#30: exit
2024/03/29 17:38:51 [notice] 31#31: exit
2024/03/29 17:38:51 [notice] 33#33: exit
2024/03/29 17:38:51 [notice] 36#36: exit
2024/03/29 17:38:51 [notice] 38#38: exit
2024/03/29 17:38:51 [notice] 34#34: exit
2024/03/29 17:38:51 [notice] 35#35: exit
2024/03/29 17:38:51 [notice] 39#39: exit
2024/03/29 17:38:51 [notice] 43#43: exit
2024/03/29 17:38:51 [notice] 37#37: exit
2024/03/29 17:38:51 [notice] 40#40: gracefully shutting down
2024/03/29 17:38:51 [notice] 40#40: exiting
2024/03/29 17:38:51 [notice] 40#40: exit
2024/03/29 17:38:51 [notice] 42#42: gracefully shutting down
2024/03/29 17:38:51 [notice] 42#42: exiting
2024/03/29 17:38:51 [notice] 44#44: gracefully shutting down
2024/03/29 17:38:51 [notice] 42#42: exit
2024/03/29 17:38:51 [notice] 44#44: exiting
2024/03/29 17:38:51 [notice] 41#41: gracefully shutting down
2024/03/29 17:38:51 [notice] 41#41: exiting
2024/03/29 17:38:51 [notice] 44#44: exit
2024/03/29 17:38:51 [notice] 41#41: exit
2024/03/29 17:38:51 [notice] 1#1: signal 17 (SIGCHLD) received from 41
2024/03/29 17:38:51 [notice] 1#1: worker process 30 exited with code 0
2024/03/29 17:38:51 [notice] 1#1: worker process 32 exited with code 0
2024/03/29 17:38:51 [notice] 1#1: worker process 39 exited with code 0
2024/03/29 17:38:51 [notice] 1#1: worker process 41 exited with code 0
2024/03/29 17:38:51 [notice] 1#1: worker process 43 exited with code 0
2024/03/29 17:38:51 [notice] 1#1: signal 29 (SIGIO) received
2024/03/29 17:38:51 [notice] 1#1: signal 17 (SIGCHLD) received from 39
2024/03/29 17:38:51 [notice] 1#1: worker process 38 exited with code 0
2024/03/29 17:38:51 [notice] 1#1: signal 29 (SIGIO) received
2024/03/29 17:38:51 [notice] 1#1: signal 17 (SIGCHLD) received from 33
2024/03/29 17:38:51 [notice] 1#1: worker process 29 exited with code 0
2024/03/29 17:38:51 [notice] 1#1: worker process 31 exited with code 0
2024/03/29 17:38:51 [notice] 1#1: worker process 33 exited with code 0
2024/03/29 17:38:51 [notice] 1#1: worker process 34 exited with code 0
2024/03/29 17:38:51 [notice] 1#1: worker process 40 exited with code 0
2024/03/29 17:38:51 [notice] 1#1: worker process 44 exited with code 0
2024/03/29 17:38:51 [notice] 1#1: signal 29 (SIGIO) received
2024/03/29 17:38:51 [notice] 1#1: signal 17 (SIGCHLD) received from 40
2024/03/29 17:38:51 [notice] 1#1: worker process 35 exited with code 0
2024/03/29 17:38:51 [notice] 1#1: worker process 37 exited with code 0
2024/03/29 17:38:51 [notice] 1#1: worker process 42 exited with code 0
2024/03/29 17:38:51 [notice] 1#1: signal 29 (SIGIO) received
2024/03/29 17:38:51 [notice] 1#1: signal 17 (SIGCHLD) received from 37
2024/03/29 17:38:51 [notice] 1#1: signal 17 (SIGCHLD) received from 36
2024/03/29 17:38:51 [notice] 1#1: worker process 36 exited with code 0
2024/03/29 17:38:51 [notice] 1#1: exit
2024/03/29 17:39:14 [emerg] 1#1: open() "/etc/nginx/fastcgi-php.conf" failed (2: No such file or directory) in /etc/nginx/conf.d/default.conf:17
2024/03/29 17:40:28 [notice] 1#1: using the "epoll" event method
2024/03/29 17:40:28 [notice] 1#1: nginx/1.25.4
2024/03/29 17:40:28 [notice] 1#1: built by gcc 12.2.1 20220924 (Alpine 12.2.1_git20220924-r10) 
2024/03/29 17:40:28 [notice] 1#1: OS: Linux 5.15.146.1-microsoft-standard-WSL2
2024/03/29 17:40:28 [notice] 1#1: getrlimit(RLIMIT_NOFILE): 1048576:1048576
2024/03/29 17:40:28 [notice] 1#1: start worker processes
2024/03/29 17:40:28 [notice] 1#1: start worker process 29
2024/03/29 17:40:28 [notice] 1#1: start worker process 30
2024/03/29 17:40:28 [notice] 1#1: start worker process 31
2024/03/29 17:40:28 [notice] 1#1: start worker process 32
2024/03/29 17:40:28 [notice] 1#1: start worker process 33
2024/03/29 17:40:28 [notice] 1#1: start worker process 34
2024/03/29 17:40:28 [notice] 1#1: start worker process 35
2024/03/29 17:40:28 [notice] 1#1: start worker process 36
2024/03/29 17:40:28 [notice] 1#1: start worker process 37
2024/03/29 17:40:28 [notice] 1#1: start worker process 38
2024/03/29 17:40:28 [notice] 1#1: start worker process 39
2024/03/29 17:40:28 [notice] 1#1: start worker process 40
2024/03/29 17:40:28 [notice] 1#1: start worker process 41
2024/03/29 17:40:28 [notice] 1#1: start worker process 42
2024/03/29 17:40:28 [notice] 1#1: start worker process 43
2024/03/29 17:40:28 [notice] 1#1: start worker process 44
2024/03/29 17:41:48 [notice] 1#1: signal 3 (SIGQUIT) received, shutting down
2024/03/29 17:41:48 [notice] 36#36: gracefully shutting down
2024/03/29 17:41:48 [notice] 36#36: exiting
2024/03/29 17:41:48 [notice] 42#42: gracefully shutting down
2024/03/29 17:41:48 [notice] 34#34: gracefully shutting down
2024/03/29 17:41:48 [notice] 42#42: exiting
2024/03/29 17:41:48 [notice] 34#34: exiting
2024/03/29 17:41:48 [notice] 36#36: exit
2024/03/29 17:41:48 [notice] 34#34: exit
2024/03/29 17:41:48 [notice] 42#42: exit
2024/03/29 17:41:48 [notice] 40#40: gracefully shutting down
2024/03/29 17:41:48 [notice] 40#40: exiting
2024/03/29 17:41:48 [notice] 40#40: exit
2024/03/29 17:41:48 [notice] 44#44: gracefully shutting down
2024/03/29 17:41:48 [notice] 44#44: exiting
2024/03/29 17:41:48 [notice] 29#29: gracefully shutting down
2024/03/29 17:41:48 [notice] 29#29: exiting
2024/03/29 17:41:48 [notice] 39#39: gracefully shutting down
2024/03/29 17:41:48 [notice] 39#39: exiting
2024/03/29 17:41:48 [notice] 44#44: exit
2024/03/29 17:41:48 [notice] 29#29: exit
2024/03/29 17:41:48 [notice] 39#39: exit
2024/03/29 17:41:48 [notice] 30#30: gracefully shutting down
2024/03/29 17:41:48 [notice] 30#30: exiting
2024/03/29 17:41:48 [notice] 30#30: exit
2024/03/29 17:41:48 [notice] 35#35: gracefully shutting down
2024/03/29 17:41:48 [notice] 35#35: exiting
2024/03/29 17:41:48 [notice] 31#31: gracefully shutting down
2024/03/29 17:41:48 [notice] 31#31: exiting
2024/03/29 17:41:48 [notice] 35#35: exit
2024/03/29 17:41:48 [notice] 32#32: gracefully shutting down
2024/03/29 17:41:48 [notice] 32#32: exiting
2024/03/29 17:41:48 [notice] 38#38: gracefully shutting down
2024/03/29 17:41:48 [notice] 38#38: exiting
2024/03/29 17:41:48 [notice] 31#31: exit
2024/03/29 17:41:48 [notice] 32#32: exit
2024/03/29 17:41:48 [notice] 38#38: exit
2024/03/29 17:41:48 [notice] 43#43: gracefully shutting down
2024/03/29 17:41:48 [notice] 43#43: exiting
2024/03/29 17:41:48 [notice] 43#43: exit
2024/03/29 17:41:48 [notice] 33#33: gracefully shutting down
2024/03/29 17:41:48 [notice] 33#33: exiting
2024/03/29 17:41:48 [notice] 33#33: exit
2024/03/29 17:41:48 [notice] 41#41: gracefully shutting down
2024/03/29 17:41:48 [notice] 41#41: exiting
2024/03/29 17:41:48 [notice] 41#41: exit
2024/03/29 17:41:48 [notice] 37#37: gracefully shutting down
2024/03/29 17:41:48 [notice] 37#37: exiting
2024/03/29 17:41:48 [notice] 37#37: exit
2024/03/29 17:41:48 [notice] 1#1: signal 17 (SIGCHLD) received from 41
2024/03/29 17:41:48 [notice] 1#1: worker process 30 exited with code 0
2024/03/29 17:41:48 [notice] 1#1: worker process 32 exited with code 0
2024/03/29 17:41:48 [notice] 1#1: worker process 33 exited with code 0
2024/03/29 17:41:48 [notice] 1#1: worker process 35 exited with code 0
2024/03/29 17:41:48 [notice] 1#1: worker process 36 exited with code 0
2024/03/29 17:41:48 [notice] 1#1: worker process 38 exited with code 0
2024/03/29 17:41:48 [notice] 1#1: worker process 41 exited with code 0
2024/03/29 17:41:48 [notice] 1#1: worker process 42 exited with code 0
2024/03/29 17:41:48 [notice] 1#1: worker process 43 exited with code 0
2024/03/29 17:41:48 [notice] 1#1: signal 29 (SIGIO) received
2024/03/29 17:41:48 [notice] 1#1: signal 17 (SIGCHLD) received from 35
2024/03/29 17:41:48 [notice] 1#1: worker process 31 exited with code 0
2024/03/29 17:41:48 [notice] 1#1: worker process 37 exited with code 0
2024/03/29 17:41:48 [notice] 1#1: worker process 40 exited with code 0
2024/03/29 17:41:48 [notice] 1#1: worker process 44 exited with code 0
2024/03/29 17:41:48 [notice] 1#1: signal 29 (SIGIO) received
2024/03/29 17:41:48 [notice] 1#1: signal 17 (SIGCHLD) received from 34
2024/03/29 17:41:48 [notice] 1#1: worker process 34 exited with code 0
2024/03/29 17:41:48 [notice] 1#1: signal 29 (SIGIO) received
2024/03/29 17:41:48 [notice] 1#1: signal 17 (SIGCHLD) received from 29
2024/03/29 17:41:48 [notice] 1#1: worker process 29 exited with code 0
2024/03/29 17:41:48 [notice] 1#1: worker process 39 exited with code 0
2024/03/29 17:41:48 [notice] 1#1: exit
2024/03/29 17:41:56 [notice] 1#1: using the "epoll" event method
2024/03/29 17:41:56 [notice] 1#1: nginx/1.25.4
2024/03/29 17:41:56 [notice] 1#1: built by gcc 12.2.1 20220924 (Alpine 12.2.1_git20220924-r10) 
2024/03/29 17:41:56 [notice] 1#1: OS: Linux 5.15.146.1-microsoft-standard-WSL2
2024/03/29 17:41:56 [notice] 1#1: getrlimit(RLIMIT_NOFILE): 1048576:1048576
2024/03/29 17:41:56 [notice] 1#1: start worker processes
2024/03/29 17:41:56 [notice] 1#1: start worker process 29
2024/03/29 17:41:56 [notice] 1#1: start worker process 30
2024/03/29 17:41:56 [notice] 1#1: start worker process 31
2024/03/29 17:41:56 [notice] 1#1: start worker process 32
2024/03/29 17:41:56 [notice] 1#1: start worker process 33
2024/03/29 17:41:56 [notice] 1#1: start worker process 34
2024/03/29 17:41:56 [notice] 1#1: start worker process 35
2024/03/29 17:41:56 [notice] 1#1: start worker process 36
2024/03/29 17:41:56 [notice] 1#1: start worker process 37
2024/03/29 17:41:56 [notice] 1#1: start worker process 38
2024/03/29 17:41:56 [notice] 1#1: start worker process 39
2024/03/29 17:41:56 [notice] 1#1: start worker process 40
2024/03/29 17:41:56 [notice] 1#1: start worker process 41
2024/03/29 17:41:56 [notice] 1#1: start worker process 42
2024/03/29 17:41:56 [notice] 1#1: start worker process 43
2024/03/29 17:41:56 [notice] 1#1: start worker process 44
2024/03/29 17:42:39 [notice] 1#1: signal 3 (SIGQUIT) received, shutting down
2024/03/29 17:42:39 [notice] 29#29: gracefully shutting down
2024/03/29 17:42:39 [notice] 30#30: gracefully shutting down
2024/03/29 17:42:39 [notice] 31#31: gracefully shutting down
2024/03/29 17:42:39 [notice] 29#29: exiting
2024/03/29 17:42:39 [notice] 40#40: gracefully shutting down
2024/03/29 17:42:39 [notice] 31#31: exiting
2024/03/29 17:42:39 [notice] 42#42: gracefully shutting down
2024/03/29 17:42:39 [notice] 40#40: exiting
2024/03/29 17:42:39 [notice] 42#42: exiting
2024/03/29 17:42:39 [notice] 29#29: exit
2024/03/29 17:42:39 [notice] 42#42: exit
2024/03/29 17:42:39 [notice] 40#40: exit
2024/03/29 17:42:39 [notice] 32#32: gracefully shutting down
2024/03/29 17:42:39 [notice] 32#32: exiting
2024/03/29 17:42:39 [notice] 41#41: gracefully shutting down
2024/03/29 17:42:39 [notice] 41#41: exiting
2024/03/29 17:42:39 [notice] 31#31: exit
2024/03/29 17:42:39 [notice] 32#32: exit
2024/03/29 17:42:39 [notice] 41#41: exit
2024/03/29 17:42:39 [notice] 33#33: gracefully shutting down
2024/03/29 17:42:39 [notice] 33#33: exiting
2024/03/29 17:42:39 [notice] 33#33: exit
2024/03/29 17:42:39 [notice] 44#44: gracefully shutting down
2024/03/29 17:42:39 [notice] 36#36: gracefully shutting down
2024/03/29 17:42:39 [notice] 44#44: exiting
2024/03/29 17:42:39 [notice] 36#36: exiting
2024/03/29 17:42:39 [notice] 36#36: exit
2024/03/29 17:42:39 [notice] 44#44: exit
2024/03/29 17:42:39 [notice] 39#39: gracefully shutting down
2024/03/29 17:42:39 [notice] 39#39: exiting
2024/03/29 17:42:39 [notice] 39#39: exit
2024/03/29 17:42:39 [notice] 34#34: gracefully shutting down
2024/03/29 17:42:39 [notice] 34#34: exiting
2024/03/29 17:42:39 [notice] 30#30: exiting
2024/03/29 17:42:39 [notice] 34#34: exit
2024/03/29 17:42:39 [notice] 30#30: exit
2024/03/29 17:42:39 [notice] 38#38: gracefully shutting down
2024/03/29 17:42:39 [notice] 35#35: gracefully shutting down
2024/03/29 17:42:39 [notice] 38#38: exiting
2024/03/29 17:42:39 [notice] 35#35: exiting
2024/03/29 17:42:39 [notice] 38#38: exit
2024/03/29 17:42:39 [notice] 35#35: exit
2024/03/29 17:42:39 [notice] 37#37: gracefully shutting down
2024/03/29 17:42:39 [notice] 37#37: exiting
2024/03/29 17:42:39 [notice] 37#37: exit
2024/03/29 17:42:39 [notice] 43#43: gracefully shutting down
2024/03/29 17:42:39 [notice] 43#43: exiting
2024/03/29 17:42:39 [notice] 43#43: exit
2024/03/29 17:42:39 [notice] 1#1: signal 17 (SIGCHLD) received from 32
2024/03/29 17:42:39 [notice] 1#1: worker process 29 exited with code 0
2024/03/29 17:42:39 [notice] 1#1: worker process 32 exited with code 0
2024/03/29 17:42:39 [notice] 1#1: worker process 33 exited with code 0
2024/03/29 17:42:39 [notice] 1#1: worker process 39 exited with code 0
2024/03/29 17:42:39 [notice] 1#1: worker process 41 exited with code 0
2024/03/29 17:42:39 [notice] 1#1: worker process 42 exited with code 0
2024/03/29 17:42:39 [notice] 1#1: worker process 43 exited with code 0
2024/03/29 17:42:39 [notice] 1#1: signal 29 (SIGIO) received
2024/03/29 17:42:39 [notice] 1#1: signal 17 (SIGCHLD) received from 36
2024/03/29 17:42:39 [notice] 1#1: worker process 31 exited with code 0
2024/03/29 17:42:39 [notice] 1#1: worker process 36 exited with code 0
2024/03/29 17:42:39 [notice] 1#1: worker process 34 exited with code 0
2024/03/29 17:42:39 [notice] 1#1: worker process 37 exited with code 0
2024/03/29 17:42:39 [notice] 1#1: worker process 38 exited with code 0
2024/03/29 17:42:39 [notice] 1#1: worker process 30 exited with code 0
2024/03/29 17:42:39 [notice] 1#1: signal 29 (SIGIO) received
2024/03/29 17:42:39 [notice] 1#1: signal 17 (SIGCHLD) received from 31
2024/03/29 17:42:39 [notice] 1#1: signal 17 (SIGCHLD) received from 35
2024/03/29 17:42:39 [notice] 1#1: worker process 35 exited with code 0
2024/03/29 17:42:39 [notice] 1#1: signal 29 (SIGIO) received
2024/03/29 17:42:39 [notice] 1#1: signal 17 (SIGCHLD) received from 40
2024/03/29 17:42:39 [notice] 1#1: worker process 40 exited with code 0
2024/03/29 17:42:39 [notice] 1#1: worker process 44 exited with code 0
2024/03/29 17:42:39 [notice] 1#1: exit
2024/03/29 17:43:08 [notice] 1#1: using the "epoll" event method
2024/03/29 17:43:08 [notice] 1#1: nginx/1.25.4
2024/03/29 17:43:08 [notice] 1#1: built by gcc 12.2.1 20220924 (Alpine 12.2.1_git20220924-r10) 
2024/03/29 17:43:08 [notice] 1#1: OS: Linux 5.15.146.1-microsoft-standard-WSL2
2024/03/29 17:43:08 [notice] 1#1: getrlimit(RLIMIT_NOFILE): 1048576:1048576
2024/03/29 17:43:08 [notice] 1#1: start worker processes
2024/03/29 17:43:08 [notice] 1#1: start worker process 29
2024/03/29 17:43:08 [notice] 1#1: start worker process 30
2024/03/29 17:43:08 [notice] 1#1: start worker process 31
2024/03/29 17:43:08 [notice] 1#1: start worker process 32
2024/03/29 17:43:08 [notice] 1#1: start worker process 33
2024/03/29 17:43:08 [notice] 1#1: start worker process 34
2024/03/29 17:43:08 [notice] 1#1: start worker process 35
2024/03/29 17:43:08 [notice] 1#1: start worker process 36
2024/03/29 17:43:08 [notice] 1#1: start worker process 37
2024/03/29 17:43:08 [notice] 1#1: start worker process 38
2024/03/29 17:43:08 [notice] 1#1: start worker process 39
2024/03/29 17:43:08 [notice] 1#1: start worker process 40
2024/03/29 17:43:08 [notice] 1#1: start worker process 41
2024/03/29 17:43:08 [notice] 1#1: start worker process 42
2024/03/29 17:43:08 [notice] 1#1: start worker process 43
2024/03/29 17:43:08 [notice] 1#1: start worker process 44
2024/03/29 17:44:24 [notice] 1#1: signal 3 (SIGQUIT) received, shutting down
2024/03/29 17:44:24 [notice] 29#29: gracefully shutting down
2024/03/29 17:44:24 [notice] 29#29: exiting
2024/03/29 17:44:24 [notice] 30#30: gracefully shutting down
2024/03/29 17:44:24 [notice] 30#30: exiting
2024/03/29 17:44:24 [notice] 31#31: gracefully shutting down
2024/03/29 17:44:24 [notice] 32#32: gracefully shutting down
2024/03/29 17:44:24 [notice] 29#29: exit
2024/03/29 17:44:24 [notice] 32#32: exiting
2024/03/29 17:44:24 [notice] 31#31: exiting
2024/03/29 17:44:24 [notice] 42#42: gracefully shutting down
2024/03/29 17:44:24 [notice] 36#36: gracefully shutting down
2024/03/29 17:44:24 [notice] 30#30: exit
2024/03/29 17:44:24 [notice] 42#42: exiting
2024/03/29 17:44:24 [notice] 36#36: exiting
2024/03/29 17:44:24 [notice] 32#32: exit
2024/03/29 17:44:24 [notice] 31#31: exit
2024/03/29 17:44:24 [notice] 36#36: exit
2024/03/29 17:44:24 [notice] 42#42: exit
2024/03/29 17:44:24 [notice] 39#39: gracefully shutting down
2024/03/29 17:44:24 [notice] 39#39: exiting
2024/03/29 17:44:24 [notice] 33#33: gracefully shutting down
2024/03/29 17:44:24 [notice] 33#33: exiting
2024/03/29 17:44:24 [notice] 39#39: exit
2024/03/29 17:44:24 [notice] 35#35: gracefully shutting down
2024/03/29 17:44:24 [notice] 35#35: exiting
2024/03/29 17:44:24 [notice] 33#33: exit
2024/03/29 17:44:24 [notice] 35#35: exit
2024/03/29 17:44:24 [notice] 37#37: gracefully shutting down
2024/03/29 17:44:24 [notice] 37#37: exiting
2024/03/29 17:44:24 [notice] 43#43: gracefully shutting down
2024/03/29 17:44:24 [notice] 43#43: exiting
2024/03/29 17:44:24 [notice] 37#37: exit
2024/03/29 17:44:24 [notice] 43#43: exit
2024/03/29 17:44:24 [notice] 41#41: gracefully shutting down
2024/03/29 17:44:24 [notice] 40#40: gracefully shutting down
2024/03/29 17:44:24 [notice] 41#41: exiting
2024/03/29 17:44:24 [notice] 40#40: exiting
2024/03/29 17:44:24 [notice] 41#41: exit
2024/03/29 17:44:24 [notice] 40#40: exit
2024/03/29 17:44:24 [notice] 34#34: gracefully shutting down
2024/03/29 17:44:24 [notice] 34#34: exiting
2024/03/29 17:44:24 [notice] 34#34: exit
2024/03/29 17:44:24 [notice] 38#38: gracefully shutting down
2024/03/29 17:44:24 [notice] 38#38: exiting
2024/03/29 17:44:24 [notice] 44#44: gracefully shutting down
2024/03/29 17:44:24 [notice] 38#38: exit
2024/03/29 17:44:24 [notice] 44#44: exiting
2024/03/29 17:44:24 [notice] 44#44: exit
2024/03/29 17:44:24 [notice] 1#1: signal 17 (SIGCHLD) received from 32
2024/03/29 17:44:24 [notice] 1#1: worker process 32 exited with code 0
2024/03/29 17:44:24 [notice] 1#1: worker process 35 exited with code 0
2024/03/29 17:44:24 [notice] 1#1: signal 29 (SIGIO) received
2024/03/29 17:44:24 [notice] 1#1: signal 17 (SIGCHLD) received from 36
2024/03/29 17:44:24 [notice] 1#1: worker process 36 exited with code 0
2024/03/29 17:44:24 [notice] 1#1: worker process 31 exited with code 0
2024/03/29 17:44:24 [notice] 1#1: worker process 40 exited with code 0
2024/03/29 17:44:24 [notice] 1#1: worker process 42 exited with code 0
2024/03/29 17:44:24 [notice] 1#1: worker process 43 exited with code 0
2024/03/29 17:44:24 [notice] 1#1: signal 29 (SIGIO) received
2024/03/29 17:44:24 [notice] 1#1: signal 17 (SIGCHLD) received from 43
2024/03/29 17:44:24 [notice] 1#1: signal 17 (SIGCHLD) received from 34
2024/03/29 17:44:24 [notice] 1#1: worker process 29 exited with code 0
2024/03/29 17:44:24 [notice] 1#1: worker process 34 exited with code 0
2024/03/29 17:44:24 [notice] 1#1: worker process 44 exited with code 0
2024/03/29 17:44:24 [notice] 1#1: signal 29 (SIGIO) received
2024/03/29 17:44:24 [notice] 1#1: signal 17 (SIGCHLD) received from 44
2024/03/29 17:44:24 [notice] 1#1: worker process 33 exited with code 0
2024/03/29 17:44:24 [notice] 1#1: worker process 39 exited with code 0
2024/03/29 17:44:24 [notice] 1#1: worker process 41 exited with code 0
2024/03/29 17:44:24 [notice] 1#1: signal 29 (SIGIO) received
2024/03/29 17:44:24 [notice] 1#1: signal 17 (SIGCHLD) received from 41
2024/03/29 17:44:24 [notice] 1#1: signal 17 (SIGCHLD) received from 38
2024/03/29 17:44:24 [notice] 1#1: worker process 30 exited with code 0
2024/03/29 17:44:24 [notice] 1#1: worker process 37 exited with code 0
2024/03/29 17:44:24 [notice] 1#1: worker process 38 exited with code 0
2024/03/29 17:44:24 [notice] 1#1: exit
2024/03/29 17:44:32 [notice] 1#1: using the "epoll" event method
2024/03/29 17:44:32 [notice] 1#1: nginx/1.25.4
2024/03/29 17:44:32 [notice] 1#1: built by gcc 12.2.1 20220924 (Alpine 12.2.1_git20220924-r10) 
2024/03/29 17:44:32 [notice] 1#1: OS: Linux 5.15.146.1-microsoft-standard-WSL2
2024/03/29 17:44:32 [notice] 1#1: getrlimit(RLIMIT_NOFILE): 1048576:1048576
2024/03/29 17:44:32 [notice] 1#1: start worker processes
2024/03/29 17:44:32 [notice] 1#1: start worker process 29
2024/03/29 17:44:32 [notice] 1#1: start worker process 30
2024/03/29 17:44:32 [notice] 1#1: start worker process 31
2024/03/29 17:44:32 [notice] 1#1: start worker process 32
2024/03/29 17:44:32 [notice] 1#1: start worker process 33
2024/03/29 17:44:32 [notice] 1#1: start worker process 34
2024/03/29 17:44:32 [notice] 1#1: start worker process 35
2024/03/29 17:44:32 [notice] 1#1: start worker process 36
2024/03/29 17:44:32 [notice] 1#1: start worker process 37
2024/03/29 17:44:32 [notice] 1#1: start worker process 38
2024/03/29 17:44:32 [notice] 1#1: start worker process 39
2024/03/29 17:44:32 [notice] 1#1: start worker process 40
2024/03/29 17:44:32 [notice] 1#1: start worker process 41
2024/03/29 17:44:32 [notice] 1#1: start worker process 42
2024/03/29 17:44:32 [notice] 1#1: start worker process 43
2024/03/29 17:44:32 [notice] 1#1: start worker process 44
2024/03/29 17:44:38 [error] 29#29: *1 connect() failed (111: Connection refused) while connecting to upstream, client: 172.22.0.1, server: , request: "GET / HTTP/1.1", upstream: "fastcgi://172.22.0.4:9000", host: "localhost:8080"
2024/03/29 17:47:36 [notice] 1#1: signal 3 (SIGQUIT) received, shutting down
2024/03/29 17:47:36 [notice] 32#32: gracefully shutting down
2024/03/29 17:47:36 [notice] 39#39: gracefully shutting down
2024/03/29 17:47:36 [notice] 32#32: exiting
2024/03/29 17:47:36 [notice] 37#37: gracefully shutting down
2024/03/29 17:47:36 [notice] 39#39: exiting
2024/03/29 17:47:36 [notice] 37#37: exiting
2024/03/29 17:47:36 [notice] 31#31: gracefully shutting down
2024/03/29 17:47:36 [notice] 31#31: exiting
2024/03/29 17:47:36 [notice] 32#32: exit
2024/03/29 17:47:36 [notice] 39#39: exit
2024/03/29 17:47:36 [notice] 37#37: exit
2024/03/29 17:47:36 [notice] 33#33: gracefully shutting down
2024/03/29 17:47:36 [notice] 31#31: exit
2024/03/29 17:47:36 [notice] 33#33: exiting
2024/03/29 17:47:36 [notice] 29#29: gracefully shutting down
2024/03/29 17:47:36 [notice] 29#29: exiting
2024/03/29 17:47:36 [notice] 33#33: exit
2024/03/29 17:47:36 [notice] 29#29: exit
2024/03/29 17:47:36 [notice] 34#34: gracefully shutting down
2024/03/29 17:47:36 [notice] 34#34: exiting
2024/03/29 17:47:36 [notice] 34#34: exit
2024/03/29 17:47:36 [notice] 43#43: gracefully shutting down
2024/03/29 17:47:36 [notice] 36#36: gracefully shutting down
2024/03/29 17:47:36 [notice] 43#43: exiting
2024/03/29 17:47:36 [notice] 36#36: exiting
2024/03/29 17:47:36 [notice] 41#41: gracefully shutting down
2024/03/29 17:47:36 [notice] 41#41: exiting
2024/03/29 17:47:36 [notice] 43#43: exit
2024/03/29 17:47:36 [notice] 36#36: exit
2024/03/29 17:47:36 [notice] 41#41: exit
2024/03/29 17:47:36 [notice] 42#42: gracefully shutting down
2024/03/29 17:47:36 [notice] 42#42: exiting
2024/03/29 17:47:36 [notice] 44#44: gracefully shutting down
2024/03/29 17:47:36 [notice] 42#42: exit
2024/03/29 17:47:36 [notice] 44#44: exiting
2024/03/29 17:47:36 [notice] 44#44: exit
2024/03/29 17:47:36 [notice] 40#40: gracefully shutting down
2024/03/29 17:47:36 [notice] 40#40: exiting
2024/03/29 17:47:36 [notice] 30#30: gracefully shutting down
2024/03/29 17:47:36 [notice] 30#30: exiting
2024/03/29 17:47:36 [notice] 40#40: exit
2024/03/29 17:47:36 [notice] 38#38: gracefully shutting down
2024/03/29 17:47:36 [notice] 38#38: exiting
2024/03/29 17:47:36 [notice] 30#30: exit
2024/03/29 17:47:36 [notice] 38#38: exit
2024/03/29 17:47:36 [notice] 35#35: gracefully shutting down
2024/03/29 17:47:36 [notice] 35#35: exiting
2024/03/29 17:47:36 [notice] 35#35: exit
2024/03/29 17:47:36 [notice] 1#1: signal 17 (SIGCHLD) received from 34
2024/03/29 17:47:36 [notice] 1#1: worker process 34 exited with code 0
2024/03/29 17:47:36 [notice] 1#1: worker process 40 exited with code 0
2024/03/29 17:47:36 [notice] 1#1: signal 29 (SIGIO) received
2024/03/29 17:47:36 [notice] 1#1: signal 17 (SIGCHLD) received from 43
2024/03/29 17:47:36 [notice] 1#1: worker process 30 exited with code 0
2024/03/29 17:47:36 [notice] 1#1: worker process 33 exited with code 0
2024/03/29 17:47:36 [notice] 1#1: worker process 43 exited with code 0
2024/03/29 17:47:36 [notice] 1#1: signal 29 (SIGIO) received
2024/03/29 17:47:36 [notice] 1#1: signal 17 (SIGCHLD) received from 33
2024/03/29 17:47:36 [notice] 1#1: worker process 31 exited with code 0
2024/03/29 17:47:36 [notice] 1#1: worker process 35 exited with code 0
2024/03/29 17:47:36 [notice] 1#1: signal 29 (SIGIO) received
2024/03/29 17:47:36 [notice] 1#1: signal 17 (SIGCHLD) received from 31
2024/03/29 17:47:36 [notice] 1#1: worker process 41 exited with code 0
2024/03/29 17:47:36 [notice] 1#1: signal 29 (SIGIO) received
2024/03/29 17:47:36 [notice] 1#1: signal 17 (SIGCHLD) received from 32
2024/03/29 17:47:36 [notice] 1#1: worker process 32 exited with code 0
2024/03/29 17:47:36 [notice] 1#1: signal 29 (SIGIO) received
2024/03/29 17:47:36 [notice] 1#1: signal 17 (SIGCHLD) received from 44
2024/03/29 17:47:36 [notice] 1#1: worker process 44 exited with code 0
2024/03/29 17:47:36 [notice] 1#1: signal 29 (SIGIO) received
2024/03/29 17:47:36 [notice] 1#1: signal 17 (SIGCHLD) received from 37
2024/03/29 17:47:36 [notice] 1#1: worker process 37 exited with code 0
2024/03/29 17:47:36 [notice] 1#1: worker process 38 exited with code 0
2024/03/29 17:47:36 [notice] 1#1: worker process 42 exited with code 0
2024/03/29 17:47:36 [notice] 1#1: worker process 29 exited with code 0
2024/03/29 17:47:36 [notice] 1#1: signal 29 (SIGIO) received
2024/03/29 17:47:36 [notice] 1#1: signal 17 (SIGCHLD) received from 42
2024/03/29 17:47:36 [notice] 1#1: signal 17 (SIGCHLD) received from 39
2024/03/29 17:47:36 [notice] 1#1: worker process 36 exited with code 0
2024/03/29 17:47:36 [notice] 1#1: worker process 39 exited with code 0
2024/03/29 17:47:36 [notice] 1#1: exit
2024/03/29 17:49:50 [notice] 1#1: using the "epoll" event method
2024/03/29 17:49:50 [notice] 1#1: nginx/1.25.4
2024/03/29 17:49:50 [notice] 1#1: built by gcc 12.2.1 20220924 (Alpine 12.2.1_git20220924-r10) 
2024/03/29 17:49:50 [notice] 1#1: OS: Linux 5.15.146.1-microsoft-standard-WSL2
2024/03/29 17:49:50 [notice] 1#1: getrlimit(RLIMIT_NOFILE): 1048576:1048576
2024/03/29 17:49:50 [notice] 1#1: start worker processes
2024/03/29 17:49:50 [notice] 1#1: start worker process 29
2024/03/29 17:49:50 [notice] 1#1: start worker process 30
2024/03/29 17:49:50 [notice] 1#1: start worker process 31
2024/03/29 17:49:50 [notice] 1#1: start worker process 32
2024/03/29 17:49:50 [notice] 1#1: start worker process 33
2024/03/29 17:49:50 [notice] 1#1: start worker process 34
2024/03/29 17:49:50 [notice] 1#1: start worker process 35
2024/03/29 17:49:50 [notice] 1#1: start worker process 36
2024/03/29 17:49:50 [notice] 1#1: start worker process 37
2024/03/29 17:49:50 [notice] 1#1: start worker process 38
2024/03/29 17:49:50 [notice] 1#1: start worker process 39
2024/03/29 17:49:50 [notice] 1#1: start worker process 40
2024/03/29 17:49:50 [notice] 1#1: start worker process 41
2024/03/29 17:49:50 [notice] 1#1: start worker process 42
2024/03/29 17:49:50 [notice] 1#1: start worker process 43
2024/03/29 17:49:50 [notice] 1#1: start worker process 44
2024/03/29 17:59:14 [notice] 1#1: signal 3 (SIGQUIT) received, shutting down
2024/03/29 17:59:14 [notice] 31#31: gracefully shutting down
2024/03/29 17:59:14 [notice] 31#31: exiting
2024/03/29 17:59:14 [notice] 29#29: gracefully shutting down
2024/03/29 17:59:14 [notice] 29#29: exiting
2024/03/29 17:59:14 [notice] 37#37: gracefully shutting down
2024/03/29 17:59:14 [notice] 37#37: exiting
2024/03/29 17:59:14 [notice] 31#31: exit
2024/03/29 17:59:14 [notice] 29#29: exit
2024/03/29 17:59:14 [notice] 37#37: exit
2024/03/29 17:59:14 [notice] 39#39: gracefully shutting down
2024/03/29 17:59:14 [notice] 39#39: exiting
2024/03/29 17:59:14 [notice] 33#33: gracefully shutting down
2024/03/29 17:59:14 [notice] 33#33: exiting
2024/03/29 17:59:14 [notice] 44#44: gracefully shutting down
2024/03/29 17:59:14 [notice] 39#39: exit
2024/03/29 17:59:14 [notice] 44#44: exiting
2024/03/29 17:59:14 [notice] 34#34: gracefully shutting down
2024/03/29 17:59:14 [notice] 34#34: exiting
2024/03/29 17:59:14 [notice] 43#43: gracefully shutting down
2024/03/29 17:59:14 [notice] 33#33: exit
2024/03/29 17:59:14 [notice] 43#43: exiting
2024/03/29 17:59:14 [notice] 44#44: exit
2024/03/29 17:59:14 [notice] 34#34: exit
2024/03/29 17:59:14 [notice] 43#43: exit
2024/03/29 17:59:14 [notice] 35#35: gracefully shutting down
2024/03/29 17:59:14 [notice] 35#35: exiting
2024/03/29 17:59:14 [notice] 30#30: gracefully shutting down
2024/03/29 17:59:14 [notice] 30#30: exiting
2024/03/29 17:59:14 [notice] 38#38: gracefully shutting down
2024/03/29 17:59:14 [notice] 35#35: exit
2024/03/29 17:59:14 [notice] 36#36: gracefully shutting down
2024/03/29 17:59:14 [notice] 38#38: exiting
2024/03/29 17:59:14 [notice] 30#30: exit
2024/03/29 17:59:14 [notice] 36#36: exiting
2024/03/29 17:59:14 [notice] 41#41: gracefully shutting down
2024/03/29 17:59:14 [notice] 41#41: exiting
2024/03/29 17:59:14 [notice] 36#36: exit
2024/03/29 17:59:14 [notice] 38#38: exit
2024/03/29 17:59:14 [notice] 41#41: exit
2024/03/29 17:59:14 [notice] 40#40: gracefully shutting down
2024/03/29 17:59:14 [notice] 40#40: exiting
2024/03/29 17:59:14 [notice] 40#40: exit
2024/03/29 17:59:14 [notice] 32#32: gracefully shutting down
2024/03/29 17:59:14 [notice] 32#32: exiting
2024/03/29 17:59:14 [notice] 32#32: exit
2024/03/29 17:59:14 [notice] 42#42: gracefully shutting down
2024/03/29 17:59:14 [notice] 42#42: exiting
2024/03/29 17:59:14 [notice] 42#42: exit
2024/03/29 17:59:14 [notice] 1#1: signal 17 (SIGCHLD) received from 37
2024/03/29 17:59:14 [notice] 1#1: worker process 32 exited with code 0
2024/03/29 17:59:14 [notice] 1#1: worker process 34 exited with code 0
2024/03/29 17:59:14 [notice] 1#1: worker process 35 exited with code 0
2024/03/29 17:59:14 [notice] 1#1: worker process 37 exited with code 0
2024/03/29 17:59:14 [notice] 1#1: worker process 39 exited with code 0
2024/03/29 17:59:14 [notice] 1#1: worker process 40 exited with code 0
2024/03/29 17:59:14 [notice] 1#1: worker process 44 exited with code 0
2024/03/29 17:59:14 [notice] 1#1: signal 29 (SIGIO) received
2024/03/29 17:59:14 [notice] 1#1: signal 17 (SIGCHLD) received from 40
2024/03/29 17:59:14 [notice] 1#1: worker process 42 exited with code 0
2024/03/29 17:59:14 [notice] 1#1: worker process 30 exited with code 0
2024/03/29 17:59:14 [notice] 1#1: signal 29 (SIGIO) received
2024/03/29 17:59:14 [notice] 1#1: signal 17 (SIGCHLD) received from 30
2024/03/29 17:59:14 [notice] 1#1: signal 17 (SIGCHLD) received from 43
2024/03/29 17:59:14 [notice] 1#1: worker process 43 exited with code 0
2024/03/29 17:59:14 [notice] 1#1: signal 29 (SIGIO) received
2024/03/29 17:59:14 [notice] 1#1: signal 17 (SIGCHLD) received from 33
2024/03/29 17:59:14 [notice] 1#1: worker process 33 exited with code 0
2024/03/29 17:59:14 [notice] 1#1: worker process 36 exited with code 0
2024/03/29 17:59:14 [notice] 1#1: worker process 38 exited with code 0
2024/03/29 17:59:14 [notice] 1#1: signal 29 (SIGIO) received
2024/03/29 17:59:14 [notice] 1#1: signal 17 (SIGCHLD) received from 38
2024/03/29 17:59:14 [notice] 1#1: worker process 29 exited with code 0
2024/03/29 17:59:14 [notice] 1#1: signal 29 (SIGIO) received
2024/03/29 17:59:14 [notice] 1#1: signal 17 (SIGCHLD) received from 31
2024/03/29 17:59:14 [notice] 1#1: worker process 31 exited with code 0
2024/03/29 17:59:14 [notice] 1#1: worker process 41 exited with code 0
2024/03/29 17:59:14 [notice] 1#1: exit
2024/03/29 18:00:14 [notice] 1#1: using the "epoll" event method
2024/03/29 18:00:14 [notice] 1#1: nginx/1.25.4
2024/03/29 18:00:14 [notice] 1#1: built by gcc 12.2.1 20220924 (Alpine 12.2.1_git20220924-r10) 
2024/03/29 18:00:14 [notice] 1#1: OS: Linux 5.15.146.1-microsoft-standard-WSL2
2024/03/29 18:00:14 [notice] 1#1: getrlimit(RLIMIT_NOFILE): 1048576:1048576
2024/03/29 18:00:14 [notice] 1#1: start worker processes
2024/03/29 18:00:14 [notice] 1#1: start worker process 29
2024/03/29 18:00:14 [notice] 1#1: start worker process 30
2024/03/29 18:00:14 [notice] 1#1: start worker process 31
2024/03/29 18:00:14 [notice] 1#1: start worker process 32
2024/03/29 18:00:14 [notice] 1#1: start worker process 33
2024/03/29 18:00:14 [notice] 1#1: start worker process 34
2024/03/29 18:00:14 [notice] 1#1: start worker process 35
2024/03/29 18:00:14 [notice] 1#1: start worker process 36
2024/03/29 18:00:14 [notice] 1#1: start worker process 37
2024/03/29 18:00:14 [notice] 1#1: start worker process 38
2024/03/29 18:00:14 [notice] 1#1: start worker process 39
2024/03/29 18:00:14 [notice] 1#1: start worker process 40
2024/03/29 18:00:14 [notice] 1#1: start worker process 41
2024/03/29 18:00:14 [notice] 1#1: start worker process 42
2024/03/29 18:00:14 [notice] 1#1: start worker process 43
2024/03/29 18:00:14 [notice] 1#1: start worker process 44
